  stdafx.cpp
  Calc.cpp
Calc.cpp(126): warning C4267: 'argument' : conversion from 'size_t' to 'int', possible loss of data
Calc.cpp(127): warning C4267: 'argument' : conversion from 'size_t' to 'int', possible loss of data
Calc.cpp(222): warning C4267: 'argument' : conversion from 'size_t' to 'DWORD', possible loss of data
Calc.cpp(225): warning C4267: 'argument' : conversion from 'size_t' to 'int', possible loss of data
Calc.cpp(226): warning C4267: 'argument' : conversion from 'size_t' to 'int', possible loss of data
Calc.cpp(258): warning C4267: 'argument' : conversion from 'size_t' to 'int', possible loss of data
Calc.cpp(259): warning C4267: 'argument' : conversion from 'size_t' to 'int', possible loss of data
  ExportTable.cpp
  ImportTable.cpp
ImportTable.cpp(182): warning C4244: 'argument' : conversion from 'ULONGLONG' to 'DWORD', possible loss of data
ImportTable.cpp(193): warning C4244: 'argument' : conversion from 'ULONGLONG' to 'DWORD', possible loss of data
ImportTable.cpp(196): warning C4244: 'argument' : conversion from 'ULONGLONG' to 'DWORD', possible loss of data
  info_PE.cpp
  info_PEDlg.cpp
  MyListCtrl.cpp
  RelocationTable.cpp
RelocationTable.cpp(173): warning C4267: 'argument' : conversion from 'size_t' to 'DWORD', possible loss of data
  ResourceTable.cpp
  Generating code
  Finished generating code
  info_PE.vcxproj -> C:\Users\Dominic\documents\visual studio 2013\Projects\info_PE\x64\Release\info_PE.exe
