c:\users\dominic\documents\visual studio 2013\projects\info_pe\info_pe\release\info_pe.pch
c:\users\dominic\documents\visual studio 2013\projects\info_pe\info_pe\release\vc120.pdb
c:\users\dominic\documents\visual studio 2013\projects\info_pe\info_pe\release\stdafx.obj
c:\users\dominic\documents\visual studio 2013\projects\info_pe\info_pe\release\sectionedit.obj
c:\users\dominic\documents\visual studio 2013\projects\info_pe\info_pe\release\resourcetable.obj
c:\users\dominic\documents\visual studio 2013\projects\info_pe\info_pe\release\relocationtable.obj
c:\users\dominic\documents\visual studio 2013\projects\info_pe\info_pe\release\mylistctrl.obj
c:\users\dominic\documents\visual studio 2013\projects\info_pe\info_pe\release\info_pedlg.obj
c:\users\dominic\documents\visual studio 2013\projects\info_pe\info_pe\release\info_pe.obj
c:\users\dominic\documents\visual studio 2013\projects\info_pe\info_pe\release\importtable.obj
c:\users\dominic\documents\visual studio 2013\projects\info_pe\info_pe\release\exporttable.obj
c:\users\dominic\documents\visual studio 2013\projects\info_pe\info_pe\release\calc.obj
c:\users\dominic\documents\visual studio 2013\projects\info_pe\release\info_pe.exe
c:\users\dominic\documents\visual studio 2013\projects\info_pe\release\info_pe.pdb
c:\users\dominic\documents\visual studio 2013\projects\info_pe\info_pe\release\info_pe.res
c:\users\dominic\documents\visual studio 2013\projects\info_pe\info_pe\release\info_pe.tlog\cl.command.1.tlog
c:\users\dominic\documents\visual studio 2013\projects\info_pe\info_pe\release\info_pe.tlog\cl.read.1.tlog
c:\users\dominic\documents\visual studio 2013\projects\info_pe\info_pe\release\info_pe.tlog\cl.write.1.tlog
c:\users\dominic\documents\visual studio 2013\projects\info_pe\info_pe\release\info_pe.tlog\link.command.1.tlog
c:\users\dominic\documents\visual studio 2013\projects\info_pe\info_pe\release\info_pe.tlog\link.read.1.tlog
c:\users\dominic\documents\visual studio 2013\projects\info_pe\info_pe\release\info_pe.tlog\link.write.1.tlog
c:\users\dominic\documents\visual studio 2013\projects\info_pe\info_pe\release\info_pe.tlog\rc.command.1.tlog
c:\users\dominic\documents\visual studio 2013\projects\info_pe\info_pe\release\info_pe.tlog\rc.read.1.tlog
c:\users\dominic\documents\visual studio 2013\projects\info_pe\info_pe\release\info_pe.tlog\rc.write.1.tlog
